<?xml version="1.0" encoding="UTF-8"?>
<coverage generated="1680025468435" clover="3.2.0">
  <project timestamp="1680025468435" name="All files">
    <metrics statements="18" coveredstatements="18" conditionals="5" coveredconditionals="5" methods="5" coveredmethods="5" elements="28" coveredelements="28" complexity="0" loc="18" ncloc="18" packages="1" files="1" classes="1"/>
    <file name="Roller.ts" path="/sandbox/src/Roller.ts">
      <metrics statements="18" coveredstatements="18" conditionals="5" coveredconditionals="5" methods="5" coveredmethods="5"/>
      <line num="1" count="1" type="stmt"/>
      <line num="11" count="12" type="stmt"/>
      <line num="12" count="12" type="stmt"/>
      <line num="13" count="35" type="stmt"/>
      <line num="16" count="12" type="stmt"/>
      <line num="17" count="12" type="stmt"/>
      <line num="19" count="12" type="cond" truecount="1" falsecount="0"/>
      <line num="21" count="3" type="stmt"/>
      <line num="23" count="12" type="cond" truecount="1" falsecount="0"/>
      <line num="25" count="1" type="stmt"/>
      <line num="30" count="4" type="stmt"/>
      <line num="44" count="8" type="cond" truecount="3" falsecount="0"/>
      <line num="45" count="2" type="stmt"/>
      <line num="48" count="6" type="stmt"/>
      <line num="49" count="6" type="stmt"/>
      <line num="51" count="6" type="stmt"/>
      <line num="57" count="7" type="stmt"/>
      <line num="66" count="3" type="stmt"/>
    </file>
  </project>
</coverage>
