{"/sandbox/src/Roller.ts": {"path":"/sandbox/src/Roller.ts","statementMap":{"0":{"start":{"line":11,"column":8},"end":{"line":11,"column":39}},"1":{"start":{"line":12,"column":8},"end":{"line":14,"column":null}},"2":{"start":{"line":12,"column":21},"end":{"line":12,"column":22}},"3":{"start":{"line":13,"column":12},"end":{"line":13,"column":41}},"4":{"start":{"line":16,"column":8},"end":{"line":16,"column":23}},"5":{"start":{"line":17,"column":8},"end":{"line":17,"column":28}},"6":{"start":{"line":19,"column":8},"end":{"line":22,"column":null}},"7":{"start":{"line":21,"column":12},"end":{"line":21,"column":28}},"8":{"start":{"line":23,"column":8},"end":{"line":26,"column":null}},"9":{"start":{"line":25,"column":12},"end":{"line":25,"column":28}},"10":{"start":{"line":30,"column":8},"end":{"line":30,"column":27}},"11":{"start":{"line":44,"column":8},"end":{"line":46,"column":null}},"12":{"start":{"line":45,"column":12},"end":{"line":45,"column":21}},"13":{"start":{"line":48,"column":8},"end":{"line":48,"column":27}},"14":{"start":{"line":49,"column":8},"end":{"line":49,"column":73}},"15":{"start":{"line":51,"column":8},"end":{"line":51,"column":21}},"16":{"start":{"line":57,"column":8},"end":{"line":57,"column":26}},"17":{"start":{"line":66,"column":8},"end":{"line":66,"column":43}},"18":{"start":{"line":1,"column":0},"end":{"line":1,"column":13}}},"fnMap":{"0":{"name":"(anonymous_0)","decl":{"start":{"line":9,"column":4},"end":{"line":9,"column":16}},"loc":{"start":{"line":9,"column":29},"end":{"line":27,"column":5}}},"1":{"name":"(anonymous_1)","decl":{"start":{"line":29,"column":4},"end":{"line":29,"column":8}},"loc":{"start":{"line":29,"column":13},"end":{"line":31,"column":5}}},"2":{"name":"(anonymous_2)","decl":{"start":{"line":43,"column":4},"end":{"line":43,"column":8}},"loc":{"start":{"line":43,"column":22},"end":{"line":52,"column":5}}},"3":{"name":"(anonymous_3)","decl":{"start":{"line":56,"column":4},"end":{"line":56,"column":8}},"loc":{"start":{"line":56,"column":8},"end":{"line":58,"column":5}}},"4":{"name":"(anonymous_4)","decl":{"start":{"line":65,"column":4},"end":{"line":65,"column":16}},"loc":{"start":{"line":65,"column":16},"end":{"line":67,"column":5}}}},"branchMap":{"0":{"loc":{"start":{"line":19,"column":8},"end":{"line":22,"column":null}},"type":"if","locations":[{"start":{"line":19,"column":8},"end":{"line":22,"column":null}}]},"1":{"loc":{"start":{"line":23,"column":8},"end":{"line":26,"column":null}},"type":"if","locations":[{"start":{"line":23,"column":8},"end":{"line":26,"column":null}}]},"2":{"loc":{"start":{"line":44,"column":8},"end":{"line":46,"column":null}},"type":"if","locations":[{"start":{"line":44,"column":8},"end":{"line":46,"column":null}}]},"3":{"loc":{"start":{"line":44,"column":12},"end":{"line":44,"column":44}},"type":"binary-expr","locations":[{"start":{"line":44,"column":12},"end":{"line":44,"column":21}},{"start":{"line":44,"column":25},"end":{"line":44,"column":44}}]}},"s":{"0":12,"1":12,"2":12,"3":35,"4":12,"5":12,"6":12,"7":3,"8":12,"9":1,"10":4,"11":8,"12":2,"13":6,"14":6,"15":6,"16":7,"17":3,"18":1},"f":{"0":12,"1":4,"2":8,"3":7,"4":3},"b":{"0":[3],"1":[1],"2":[2],"3":[8,7]}}
}
